mode: atomic
github.com/johnconnor-sec/taskopen-go/taskopen/cmd/taskopen/main.go:22.13,23.30 1 0
github.com/johnconnor-sec/taskopen-go/taskopen/cmd/taskopen/main.go:23.30,26.3 2 0
github.com/johnconnor-sec/taskopen-go/taskopen/cmd/taskopen/main.go:29.18,33.90 2 0
github.com/johnconnor-sec/taskopen-go/taskopen/cmd/taskopen/main.go:33.90,36.3 2 0
github.com/johnconnor-sec/taskopen-go/taskopen/cmd/taskopen/main.go:39.2,39.47 1 0
github.com/johnconnor-sec/taskopen-go/taskopen/cmd/taskopen/main.go:39.47,41.3 1 0
github.com/johnconnor-sec/taskopen-go/taskopen/cmd/taskopen/main.go:44.2,44.42 1 0
github.com/johnconnor-sec/taskopen-go/taskopen/cmd/taskopen/main.go:44.42,46.3 1 0
github.com/johnconnor-sec/taskopen-go/taskopen/cmd/taskopen/main.go:49.2,49.26 1 0
github.com/johnconnor-sec/taskopen-go/taskopen/cmd/taskopen/main.go:52.21,58.2 5 0
github.com/johnconnor-sec/taskopen-go/taskopen/cmd/taskopen/main.go:60.29,85.16 11 0
github.com/johnconnor-sec/taskopen-go/taskopen/cmd/taskopen/main.go:85.16,87.3 1 0
github.com/johnconnor-sec/taskopen-go/taskopen/cmd/taskopen/main.go:87.8,89.3 1 0
github.com/johnconnor-sec/taskopen-go/taskopen/cmd/taskopen/main.go:91.2,94.12 3 0
github.com/johnconnor-sec/taskopen-go/taskopen/cmd/taskopen/main.go:97.44,98.20 1 0
github.com/johnconnor-sec/taskopen-go/taskopen/cmd/taskopen/main.go:98.20,106.3 7 0
github.com/johnconnor-sec/taskopen-go/taskopen/cmd/taskopen/main.go:108.2,110.20 2 0
github.com/johnconnor-sec/taskopen-go/taskopen/cmd/taskopen/main.go:111.14,112.25 1 0
github.com/johnconnor-sec/taskopen-go/taskopen/cmd/taskopen/main.go:113.17,114.36 1 0
github.com/johnconnor-sec/taskopen-go/taskopen/cmd/taskopen/main.go:115.18,116.37 1 0
github.com/johnconnor-sec/taskopen-go/taskopen/cmd/taskopen/main.go:117.17,118.28 1 0
github.com/johnconnor-sec/taskopen-go/taskopen/cmd/taskopen/main.go:119.16,120.35 1 0
github.com/johnconnor-sec/taskopen-go/taskopen/cmd/taskopen/main.go:121.10,122.65 1 0
github.com/johnconnor-sec/taskopen-go/taskopen/cmd/taskopen/main.go:126.28,128.16 2 0
github.com/johnconnor-sec/taskopen-go/taskopen/cmd/taskopen/main.go:128.16,130.3 1 0
github.com/johnconnor-sec/taskopen-go/taskopen/cmd/taskopen/main.go:132.2,132.47 1 0
github.com/johnconnor-sec/taskopen-go/taskopen/cmd/taskopen/main.go:135.44,138.20 2 0
github.com/johnconnor-sec/taskopen-go/taskopen/cmd/taskopen/main.go:138.20,141.3 2 0
github.com/johnconnor-sec/taskopen-go/taskopen/cmd/taskopen/main.go:141.8,146.3 3 0
github.com/johnconnor-sec/taskopen-go/taskopen/cmd/taskopen/main.go:148.2,148.49 1 0
github.com/johnconnor-sec/taskopen-go/taskopen/cmd/taskopen/main.go:151.45,154.19 2 0
github.com/johnconnor-sec/taskopen-go/taskopen/cmd/taskopen/main.go:154.19,156.3 1 0
github.com/johnconnor-sec/taskopen-go/taskopen/cmd/taskopen/main.go:156.8,159.17 3 0
github.com/johnconnor-sec/taskopen-go/taskopen/cmd/taskopen/main.go:159.17,161.4 1 0
github.com/johnconnor-sec/taskopen-go/taskopen/cmd/taskopen/main.go:164.2,164.40 1 0
github.com/johnconnor-sec/taskopen-go/taskopen/cmd/taskopen/main.go:167.31,170.2 2 0
github.com/johnconnor-sec/taskopen-go/taskopen/cmd/taskopen/main.go:172.43,175.19 2 0
github.com/johnconnor-sec/taskopen-go/taskopen/cmd/taskopen/main.go:175.19,177.3 1 0
github.com/johnconnor-sec/taskopen-go/taskopen/cmd/taskopen/main.go:177.8,179.3 1 0
github.com/johnconnor-sec/taskopen-go/taskopen/cmd/taskopen/main.go:181.2,181.58 1 0
github.com/johnconnor-sec/taskopen-go/taskopen/cmd/taskopen/main.go:181.58,183.3 1 0
github.com/johnconnor-sec/taskopen-go/taskopen/cmd/taskopen/main.go:185.2,186.12 2 0
github.com/johnconnor-sec/taskopen-go/taskopen/cmd/taskopen/main.go:189.39,226.16 28 0
github.com/johnconnor-sec/taskopen-go/taskopen/cmd/taskopen/main.go:226.16,230.3 3 0
github.com/johnconnor-sec/taskopen-go/taskopen/cmd/taskopen/main.go:233.2,234.16 2 0
github.com/johnconnor-sec/taskopen-go/taskopen/cmd/taskopen/main.go:234.16,238.3 3 0
github.com/johnconnor-sec/taskopen-go/taskopen/cmd/taskopen/main.go:240.2,248.16 7 0
github.com/johnconnor-sec/taskopen-go/taskopen/cmd/taskopen/main.go:248.16,251.3 2 0
github.com/johnconnor-sec/taskopen-go/taskopen/cmd/taskopen/main.go:254.2,255.50 2 0
github.com/johnconnor-sec/taskopen-go/taskopen/cmd/taskopen/main.go:255.50,258.3 2 0
github.com/johnconnor-sec/taskopen-go/taskopen/cmd/taskopen/main.go:258.8,262.59 2 0
github.com/johnconnor-sec/taskopen-go/taskopen/cmd/taskopen/main.go:262.59,264.4 1 0
github.com/johnconnor-sec/taskopen-go/taskopen/cmd/taskopen/main.go:267.3,267.83 1 0
github.com/johnconnor-sec/taskopen-go/taskopen/cmd/taskopen/main.go:267.83,269.4 1 0
github.com/johnconnor-sec/taskopen-go/taskopen/cmd/taskopen/main.go:272.2,277.12 5 0
github.com/johnconnor-sec/taskopen-go/taskopen/cmd/taskopen/main.go:280.29,282.56 1 0
github.com/johnconnor-sec/taskopen-go/taskopen/cmd/taskopen/main.go:282.56,284.3 1 0
github.com/johnconnor-sec/taskopen-go/taskopen/cmd/taskopen/main.go:284.8,286.3 1 0
github.com/johnconnor-sec/taskopen-go/taskopen/internal/exec/executor.go:103.46,105.26 1 0
github.com/johnconnor-sec/taskopen-go/taskopen/internal/exec/executor.go:105.26,107.3 1 0
github.com/johnconnor-sec/taskopen-go/taskopen/internal/exec/executor.go:109.2,109.36 1 0
github.com/johnconnor-sec/taskopen-go/taskopen/internal/exec/executor.go:109.36,111.3 1 0
github.com/johnconnor-sec/taskopen-go/taskopen/internal/exec/executor.go:113.2,113.34 1 0
github.com/johnconnor-sec/taskopen-go/taskopen/internal/exec/executor.go:113.34,115.3 1 0
github.com/johnconnor-sec/taskopen-go/taskopen/internal/exec/executor.go:117.2,117.33 1 0
github.com/johnconnor-sec/taskopen-go/taskopen/internal/exec/executor.go:117.33,119.3 1 0
github.com/johnconnor-sec/taskopen-go/taskopen/internal/exec/executor.go:121.2,121.42 1 0
github.com/johnconnor-sec/taskopen-go/taskopen/internal/exec/executor.go:121.42,123.3 1 0
github.com/johnconnor-sec/taskopen-go/taskopen/internal/exec/executor.go:125.2,127.3 1 0
github.com/johnconnor-sec/taskopen-go/taskopen/internal/exec/executor.go:131.133,132.20 1 0
github.com/johnconnor-sec/taskopen-go/taskopen/internal/exec/executor.go:132.20,134.3 1 0
github.com/johnconnor-sec/taskopen-go/taskopen/internal/exec/executor.go:136.2,136.57 1 0
github.com/johnconnor-sec/taskopen-go/taskopen/internal/exec/executor.go:140.127,142.16 2 0
github.com/johnconnor-sec/taskopen-go/taskopen/internal/exec/executor.go:142.16,144.3 1 0
github.com/johnconnor-sec/taskopen-go/taskopen/internal/exec/executor.go:146.2,146.34 1 0
github.com/johnconnor-sec/taskopen-go/taskopen/internal/exec/executor.go:150.143,154.12 3 0
github.com/johnconnor-sec/taskopen-go/taskopen/internal/exec/executor.go:154.12,158.21 3 0
github.com/johnconnor-sec/taskopen-go/taskopen/internal/exec/executor.go:158.21,161.4 2 0
github.com/johnconnor-sec/taskopen-go/taskopen/internal/exec/executor.go:164.3,167.83 3 0
github.com/johnconnor-sec/taskopen-go/taskopen/internal/exec/executor.go:167.83,169.4 1 0
github.com/johnconnor-sec/taskopen-go/taskopen/internal/exec/executor.go:172.2,172.30 1 0
github.com/johnconnor-sec/taskopen-go/taskopen/internal/exec/executor.go:176.141,182.67 4 0
github.com/johnconnor-sec/taskopen-go/taskopen/internal/exec/executor.go:182.67,184.18 1 0
github.com/johnconnor-sec/taskopen-go/taskopen/internal/exec/executor.go:184.18,185.11 1 0
github.com/johnconnor-sec/taskopen-go/taskopen/internal/exec/executor.go:186.22,187.26 1 0
github.com/johnconnor-sec/taskopen-go/taskopen/internal/exec/executor.go:188.29,188.29 0 0
github.com/johnconnor-sec/taskopen-go/taskopen/internal/exec/executor.go:193.4,194.38 2 0
github.com/johnconnor-sec/taskopen-go/taskopen/internal/exec/executor.go:194.38,196.5 1 0
github.com/johnconnor-sec/taskopen-go/taskopen/internal/exec/executor.go:199.3,200.20 2 0
github.com/johnconnor-sec/taskopen-go/taskopen/internal/exec/executor.go:200.20,202.4 1 0
github.com/johnconnor-sec/taskopen-go/taskopen/internal/exec/executor.go:205.3,205.41 1 0
github.com/johnconnor-sec/taskopen-go/taskopen/internal/exec/executor.go:205.41,207.4 1 0
github.com/johnconnor-sec/taskopen-go/taskopen/internal/exec/executor.go:209.3,213.63 3 0
github.com/johnconnor-sec/taskopen-go/taskopen/internal/exec/executor.go:213.63,215.61 2 0
github.com/johnconnor-sec/taskopen-go/taskopen/internal/exec/executor.go:215.61,216.37 1 0
github.com/johnconnor-sec/taskopen-go/taskopen/internal/exec/executor.go:216.37,218.11 2 0
github.com/johnconnor-sec/taskopen-go/taskopen/internal/exec/executor.go:221.4,221.20 1 0
github.com/johnconnor-sec/taskopen-go/taskopen/internal/exec/executor.go:221.20,222.10 1 0
github.com/johnconnor-sec/taskopen-go/taskopen/internal/exec/executor.go:228.2,228.22 1 0
github.com/johnconnor-sec/taskopen-go/taskopen/internal/exec/executor.go:228.22,232.3 1 0
github.com/johnconnor-sec/taskopen-go/taskopen/internal/exec/executor.go:234.2,234.24 1 0
github.com/johnconnor-sec/taskopen-go/taskopen/internal/exec/executor.go:238.138,249.30 5 0
github.com/johnconnor-sec/taskopen-go/taskopen/internal/exec/executor.go:249.30,251.3 1 0
github.com/johnconnor-sec/taskopen-go/taskopen/internal/exec/executor.go:254.2,254.32 1 0
github.com/johnconnor-sec/taskopen-go/taskopen/internal/exec/executor.go:254.32,256.47 2 0
github.com/johnconnor-sec/taskopen-go/taskopen/internal/exec/executor.go:256.47,258.4 1 0
github.com/johnconnor-sec/taskopen-go/taskopen/internal/exec/executor.go:259.3,259.16 1 0
github.com/johnconnor-sec/taskopen-go/taskopen/internal/exec/executor.go:263.2,263.61 1 0
github.com/johnconnor-sec/taskopen-go/taskopen/internal/exec/executor.go:263.61,265.3 1 0
github.com/johnconnor-sec/taskopen-go/taskopen/internal/exec/executor.go:267.2,270.27 2 0
github.com/johnconnor-sec/taskopen-go/taskopen/internal/exec/executor.go:270.27,283.3 8 0
github.com/johnconnor-sec/taskopen-go/taskopen/internal/exec/executor.go:283.8,294.3 6 0
github.com/johnconnor-sec/taskopen-go/taskopen/internal/exec/executor.go:298.144,307.30 4 0
github.com/johnconnor-sec/taskopen-go/taskopen/internal/exec/executor.go:307.30,309.3 1 0
github.com/johnconnor-sec/taskopen-go/taskopen/internal/exec/executor.go:311.2,311.32 1 0
github.com/johnconnor-sec/taskopen-go/taskopen/internal/exec/executor.go:311.32,313.47 2 0
github.com/johnconnor-sec/taskopen-go/taskopen/internal/exec/executor.go:313.47,315.4 1 0
github.com/johnconnor-sec/taskopen-go/taskopen/internal/exec/executor.go:316.3,316.16 1 0
github.com/johnconnor-sec/taskopen-go/taskopen/internal/exec/executor.go:320.2,320.61 1 0
github.com/johnconnor-sec/taskopen-go/taskopen/internal/exec/executor.go:320.61,322.3 1 0
github.com/johnconnor-sec/taskopen-go/taskopen/internal/exec/executor.go:325.2,326.16 2 0
github.com/johnconnor-sec/taskopen-go/taskopen/internal/exec/executor.go:326.16,328.3 1 0
github.com/johnconnor-sec/taskopen-go/taskopen/internal/exec/executor.go:330.2,331.16 2 0
github.com/johnconnor-sec/taskopen-go/taskopen/internal/exec/executor.go:331.16,333.3 1 0
github.com/johnconnor-sec/taskopen-go/taskopen/internal/exec/executor.go:336.2,336.36 1 0
github.com/johnconnor-sec/taskopen-go/taskopen/internal/exec/executor.go:336.36,338.3 1 0
github.com/johnconnor-sec/taskopen-go/taskopen/internal/exec/executor.go:341.2,345.19 3 0
github.com/johnconnor-sec/taskopen-go/taskopen/internal/exec/executor.go:349.92,351.21 2 0
github.com/johnconnor-sec/taskopen-go/taskopen/internal/exec/executor.go:351.21,353.19 2 0
github.com/johnconnor-sec/taskopen-go/taskopen/internal/exec/executor.go:353.19,355.4 1 0
github.com/johnconnor-sec/taskopen-go/taskopen/internal/exec/executor.go:357.3,357.10 1 0
github.com/johnconnor-sec/taskopen-go/taskopen/internal/exec/executor.go:358.27,358.27 0 0
github.com/johnconnor-sec/taskopen-go/taskopen/internal/exec/executor.go:359.11,359.11 0 0
github.com/johnconnor-sec/taskopen-go/taskopen/internal/exec/executor.go:366.138,368.22 1 0
github.com/johnconnor-sec/taskopen-go/taskopen/internal/exec/executor.go:368.22,370.22 2 0
github.com/johnconnor-sec/taskopen-go/taskopen/internal/exec/executor.go:370.22,373.4 1 0
github.com/johnconnor-sec/taskopen-go/taskopen/internal/exec/executor.go:374.3,374.95 1 0
github.com/johnconnor-sec/taskopen-go/taskopen/internal/exec/executor.go:378.2,378.48 1 0
github.com/johnconnor-sec/taskopen-go/taskopen/internal/exec/executor.go:378.48,379.61 1 0
github.com/johnconnor-sec/taskopen-go/taskopen/internal/exec/executor.go:379.61,381.4 1 0
github.com/johnconnor-sec/taskopen-go/taskopen/internal/exec/executor.go:381.9,383.4 1 0
github.com/johnconnor-sec/taskopen-go/taskopen/internal/exec/executor.go:384.8,384.23 1 0
github.com/johnconnor-sec/taskopen-go/taskopen/internal/exec/executor.go:384.23,386.3 1 0
github.com/johnconnor-sec/taskopen-go/taskopen/internal/exec/executor.go:386.8,388.3 1 0
github.com/johnconnor-sec/taskopen-go/taskopen/internal/exec/executor.go:390.2,390.20 1 0
github.com/johnconnor-sec/taskopen-go/taskopen/internal/exec/executor.go:394.78,398.28 1 0
github.com/johnconnor-sec/taskopen-go/taskopen/internal/exec/executor.go:398.29,402.3 0 0
github.com/johnconnor-sec/taskopen-go/taskopen/internal/exec/executor.go:407.2,407.12 1 0
github.com/johnconnor-sec/taskopen-go/taskopen/internal/taskwarrior/taskwarrior.go:63.85,64.18 1 0
github.com/johnconnor-sec/taskopen-go/taskopen/internal/taskwarrior/taskwarrior.go:64.18,66.3 1 0
github.com/johnconnor-sec/taskopen-go/taskopen/internal/taskwarrior/taskwarrior.go:69.2,90.3 2 0
github.com/johnconnor-sec/taskopen-go/taskopen/internal/taskwarrior/taskwarrior.go:94.63,98.16 3 0
github.com/johnconnor-sec/taskopen-go/taskopen/internal/taskwarrior/taskwarrior.go:98.16,100.3 1 0
github.com/johnconnor-sec/taskopen-go/taskopen/internal/taskwarrior/taskwarrior.go:102.2,102.26 1 0
github.com/johnconnor-sec/taskopen-go/taskopen/internal/taskwarrior/taskwarrior.go:102.26,110.3 1 0
github.com/johnconnor-sec/taskopen-go/taskopen/internal/taskwarrior/taskwarrior.go:112.2,112.46 1 0
github.com/johnconnor-sec/taskopen-go/taskopen/internal/taskwarrior/taskwarrior.go:116.70,120.16 3 0
github.com/johnconnor-sec/taskopen-go/taskopen/internal/taskwarrior/taskwarrior.go:120.16,122.3 1 0
github.com/johnconnor-sec/taskopen-go/taskopen/internal/taskwarrior/taskwarrior.go:124.2,124.26 1 0
github.com/johnconnor-sec/taskopen-go/taskopen/internal/taskwarrior/taskwarrior.go:124.26,127.3 1 0
github.com/johnconnor-sec/taskopen-go/taskopen/internal/taskwarrior/taskwarrior.go:130.2,133.58 3 0
github.com/johnconnor-sec/taskopen-go/taskopen/internal/taskwarrior/taskwarrior.go:133.58,134.72 1 0
github.com/johnconnor-sec/taskopen-go/taskopen/internal/taskwarrior/taskwarrior.go:134.72,136.4 1 0
github.com/johnconnor-sec/taskopen-go/taskopen/internal/taskwarrior/taskwarrior.go:137.3,137.72 1 0
github.com/johnconnor-sec/taskopen-go/taskopen/internal/taskwarrior/taskwarrior.go:137.72,139.4 1 0
github.com/johnconnor-sec/taskopen-go/taskopen/internal/taskwarrior/taskwarrior.go:142.2,142.16 1 0
github.com/johnconnor-sec/taskopen-go/taskopen/internal/taskwarrior/taskwarrior.go:146.80,151.16 4 0
github.com/johnconnor-sec/taskopen-go/taskopen/internal/taskwarrior/taskwarrior.go:151.16,153.3 1 0
github.com/johnconnor-sec/taskopen-go/taskopen/internal/taskwarrior/taskwarrior.go:155.2,155.26 1 0
github.com/johnconnor-sec/taskopen-go/taskopen/internal/taskwarrior/taskwarrior.go:155.26,163.3 1 0
github.com/johnconnor-sec/taskopen-go/taskopen/internal/taskwarrior/taskwarrior.go:165.2,165.40 1 0
github.com/johnconnor-sec/taskopen-go/taskopen/internal/taskwarrior/taskwarrior.go:169.98,173.12 3 0
github.com/johnconnor-sec/taskopen-go/taskopen/internal/taskwarrior/taskwarrior.go:173.12,188.7 10 0
github.com/johnconnor-sec/taskopen-go/taskopen/internal/taskwarrior/taskwarrior.go:188.7,189.11 1 0
github.com/johnconnor-sec/taskopen-go/taskopen/internal/taskwarrior/taskwarrior.go:190.34,191.12 1 0
github.com/johnconnor-sec/taskopen-go/taskopen/internal/taskwarrior/taskwarrior.go:191.12,193.30 1 0
github.com/johnconnor-sec/taskopen-go/taskopen/internal/taskwarrior/taskwarrior.go:193.30,195.21 2 0
github.com/johnconnor-sec/taskopen-go/taskopen/internal/taskwarrior/taskwarrior.go:195.21,198.8 2 0
github.com/johnconnor-sec/taskopen-go/taskopen/internal/taskwarrior/taskwarrior.go:200.7,200.34 1 0
github.com/johnconnor-sec/taskopen-go/taskopen/internal/taskwarrior/taskwarrior.go:200.34,201.15 1 0
github.com/johnconnor-sec/taskopen-go/taskopen/internal/taskwarrior/taskwarrior.go:202.30,202.30 0 0
github.com/johnconnor-sec/taskopen-go/taskopen/internal/taskwarrior/taskwarrior.go:203.26,204.15 1 0
github.com/johnconnor-sec/taskopen-go/taskopen/internal/taskwarrior/taskwarrior.go:208.6,208.12 1 0
github.com/johnconnor-sec/taskopen-go/taskopen/internal/taskwarrior/taskwarrior.go:212.5,212.45 1 0
github.com/johnconnor-sec/taskopen-go/taskopen/internal/taskwarrior/taskwarrior.go:212.45,214.6 1 0
github.com/johnconnor-sec/taskopen-go/taskopen/internal/taskwarrior/taskwarrior.go:217.5,221.31 3 0
github.com/johnconnor-sec/taskopen-go/taskopen/internal/taskwarrior/taskwarrior.go:221.31,222.18 1 0
github.com/johnconnor-sec/taskopen-go/taskopen/internal/taskwarrior/taskwarrior.go:223.15,224.19 1 0
github.com/johnconnor-sec/taskopen-go/taskopen/internal/taskwarrior/taskwarrior.go:224.19,226.8 1 0
github.com/johnconnor-sec/taskopen-go/taskopen/internal/taskwarrior/taskwarrior.go:227.7,227.22 1 0
github.com/johnconnor-sec/taskopen-go/taskopen/internal/taskwarrior/taskwarrior.go:228.16,229.37 1 0
github.com/johnconnor-sec/taskopen-go/taskopen/internal/taskwarrior/taskwarrior.go:230.15,231.20 1 0
github.com/johnconnor-sec/taskopen-go/taskopen/internal/taskwarrior/taskwarrior.go:231.20,233.8 1 0
github.com/johnconnor-sec/taskopen-go/taskopen/internal/taskwarrior/taskwarrior.go:234.7,234.22 1 0
github.com/johnconnor-sec/taskopen-go/taskopen/internal/taskwarrior/taskwarrior.go:235.15,236.20 1 0
github.com/johnconnor-sec/taskopen-go/taskopen/internal/taskwarrior/taskwarrior.go:236.20,238.29 2 0
github.com/johnconnor-sec/taskopen-go/taskopen/internal/taskwarrior/taskwarrior.go:238.29,241.23 2 0
github.com/johnconnor-sec/taskopen-go/taskopen/internal/taskwarrior/taskwarrior.go:241.23,244.10 2 0
github.com/johnconnor-sec/taskopen-go/taskopen/internal/taskwarrior/taskwarrior.go:247.9,247.36 1 0
github.com/johnconnor-sec/taskopen-go/taskopen/internal/taskwarrior/taskwarrior.go:247.36,248.17 1 0
github.com/johnconnor-sec/taskopen-go/taskopen/internal/taskwarrior/taskwarrior.go:249.32,249.32 0 0
github.com/johnconnor-sec/taskopen-go/taskopen/internal/taskwarrior/taskwarrior.go:250.28,251.17 1 0
github.com/johnconnor-sec/taskopen-go/taskopen/internal/taskwarrior/taskwarrior.go:256.9,256.27 1 0
github.com/johnconnor-sec/taskopen-go/taskopen/internal/taskwarrior/taskwarrior.go:259.7,259.22 1 0
github.com/johnconnor-sec/taskopen-go/taskopen/internal/taskwarrior/taskwarrior.go:260.14,261.22 1 0
github.com/johnconnor-sec/taskopen-go/taskopen/internal/taskwarrior/taskwarrior.go:265.32,266.19 1 0
github.com/johnconnor-sec/taskopen-go/taskopen/internal/taskwarrior/taskwarrior.go:266.19,269.6 2 0
github.com/johnconnor-sec/taskopen-go/taskopen/internal/taskwarrior/taskwarrior.go:271.22,273.11 2 0
github.com/johnconnor-sec/taskopen-go/taskopen/internal/taskwarrior/taskwarrior.go:278.2,278.28 1 0
github.com/johnconnor-sec/taskopen-go/taskopen/internal/taskwarrior/taskwarrior.go:282.79,285.33 2 0
github.com/johnconnor-sec/taskopen-go/taskopen/internal/taskwarrior/taskwarrior.go:285.33,286.124 1 0
github.com/johnconnor-sec/taskopen-go/taskopen/internal/taskwarrior/taskwarrior.go:286.124,288.9 2 0
github.com/johnconnor-sec/taskopen-go/taskopen/internal/taskwarrior/taskwarrior.go:292.2,292.22 1 0
github.com/johnconnor-sec/taskopen-go/taskopen/internal/taskwarrior/taskwarrior.go:292.22,294.3 1 0
github.com/johnconnor-sec/taskopen-go/taskopen/internal/taskwarrior/taskwarrior.go:296.2,296.31 1 0
github.com/johnconnor-sec/taskopen-go/taskopen/internal/taskwarrior/taskwarrior.go:300.75,302.16 2 0
github.com/johnconnor-sec/taskopen-go/taskopen/internal/taskwarrior/taskwarrior.go:302.16,304.3 1 0
github.com/johnconnor-sec/taskopen-go/taskopen/internal/taskwarrior/taskwarrior.go:306.2,306.21 1 0
github.com/johnconnor-sec/taskopen-go/taskopen/internal/taskwarrior/taskwarrior.go:306.21,310.3 1 0
github.com/johnconnor-sec/taskopen-go/taskopen/internal/taskwarrior/taskwarrior.go:312.2,312.23 1 0
github.com/johnconnor-sec/taskopen-go/taskopen/internal/taskwarrior/taskwarrior.go:316.66,318.20 2 0
github.com/johnconnor-sec/taskopen-go/taskopen/internal/taskwarrior/taskwarrior.go:318.20,320.3 1 0
github.com/johnconnor-sec/taskopen-go/taskopen/internal/taskwarrior/taskwarrior.go:323.2,324.68 2 0
github.com/johnconnor-sec/taskopen-go/taskopen/internal/taskwarrior/taskwarrior.go:324.68,327.70 2 0
github.com/johnconnor-sec/taskopen-go/taskopen/internal/taskwarrior/taskwarrior.go:327.70,330.4 1 0
github.com/johnconnor-sec/taskopen-go/taskopen/internal/taskwarrior/taskwarrior.go:331.3,331.40 1 0
github.com/johnconnor-sec/taskopen-go/taskopen/internal/taskwarrior/taskwarrior.go:334.2,335.35 2 0
github.com/johnconnor-sec/taskopen-go/taskopen/internal/taskwarrior/taskwarrior.go:335.35,337.56 2 0
github.com/johnconnor-sec/taskopen-go/taskopen/internal/taskwarrior/taskwarrior.go:337.56,340.4 1 0
github.com/johnconnor-sec/taskopen-go/taskopen/internal/taskwarrior/taskwarrior.go:343.3,344.18 2 0
github.com/johnconnor-sec/taskopen-go/taskopen/internal/taskwarrior/taskwarrior.go:347.2,347.19 1 0
github.com/johnconnor-sec/taskopen-go/taskopen/internal/taskwarrior/taskwarrior.go:351.69,355.16 3 0
github.com/johnconnor-sec/taskopen-go/taskopen/internal/taskwarrior/taskwarrior.go:355.16,357.3 1 0
github.com/johnconnor-sec/taskopen-go/taskopen/internal/taskwarrior/taskwarrior.go:359.2,359.19 1 0
github.com/johnconnor-sec/taskopen-go/taskopen/internal/taskwarrior/taskwarrior.go:359.19,362.3 1 0
github.com/johnconnor-sec/taskopen-go/taskopen/internal/taskwarrior/taskwarrior.go:364.2,364.12 1 0
github.com/johnconnor-sec/taskopen-go/taskopen/internal/taskwarrior/taskwarrior.go:368.24,369.11 1 0
github.com/johnconnor-sec/taskopen-go/taskopen/internal/taskwarrior/taskwarrior.go:369.11,371.3 1 0
github.com/johnconnor-sec/taskopen-go/taskopen/internal/taskwarrior/taskwarrior.go:372.2,372.10 1 0
github.com/johnconnor-sec/taskopen-go/taskopen/internal/errors/errors.go:49.40,56.21 3 10
github.com/johnconnor-sec/taskopen-go/taskopen/internal/errors/errors.go:56.21,58.3 1 6
github.com/johnconnor-sec/taskopen-go/taskopen/internal/errors/errors.go:61.2,61.28 1 10
github.com/johnconnor-sec/taskopen-go/taskopen/internal/errors/errors.go:61.28,63.3 1 7
github.com/johnconnor-sec/taskopen-go/taskopen/internal/errors/errors.go:65.2,65.36 1 10
github.com/johnconnor-sec/taskopen-go/taskopen/internal/errors/errors.go:68.40,70.2 1 1
github.com/johnconnor-sec/taskopen-go/taskopen/internal/errors/errors.go:73.62,78.2 1 11
github.com/johnconnor-sec/taskopen-go/taskopen/internal/errors/errors.go:81.74,87.2 1 2
github.com/johnconnor-sec/taskopen-go/taskopen/internal/errors/errors.go:90.68,93.2 2 5
github.com/johnconnor-sec/taskopen-go/taskopen/internal/errors/errors.go:96.74,99.2 2 1
github.com/johnconnor-sec/taskopen-go/taskopen/internal/errors/errors.go:102.78,105.2 2 6
github.com/johnconnor-sec/taskopen-go/taskopen/internal/errors/errors.go:110.54,118.2 1 1
github.com/johnconnor-sec/taskopen-go/taskopen/internal/errors/errors.go:121.48,130.2 1 1
github.com/johnconnor-sec/taskopen-go/taskopen/internal/errors/errors.go:133.80,136.2 1 1
github.com/johnconnor-sec/taskopen-go/taskopen/internal/errors/errors.go:139.55,148.2 1 1
github.com/johnconnor-sec/taskopen-go/taskopen/internal/errors/errors.go:151.72,159.2 1 1
github.com/johnconnor-sec/taskopen-go/taskopen/internal/errors/errors.go:162.74,169.2 1 1
github.com/johnconnor-sec/taskopen-go/taskopen/internal/errors/errors.go:172.50,173.49 1 3
github.com/johnconnor-sec/taskopen-go/taskopen/internal/errors/errors.go:173.49,175.3 1 2
github.com/johnconnor-sec/taskopen-go/taskopen/internal/errors/errors.go:176.2,176.14 1 1
github.com/johnconnor-sec/taskopen-go/taskopen/internal/errors/errors.go:180.35,181.49 1 2
github.com/johnconnor-sec/taskopen-go/taskopen/internal/errors/errors.go:181.49,183.3 1 1
github.com/johnconnor-sec/taskopen-go/taskopen/internal/errors/errors.go:184.2,184.22 1 1
github.com/johnconnor-sec/taskopen-go/taskopen/internal/config/config.go:73.30,125.2 1 5
github.com/johnconnor-sec/taskopen-go/taskopen/internal/config/config.go:128.30,130.54 1 10
github.com/johnconnor-sec/taskopen-go/taskopen/internal/config/config.go:130.54,132.3 1 0
github.com/johnconnor-sec/taskopen-go/taskopen/internal/config/config.go:135.2,135.9 1 10
github.com/johnconnor-sec/taskopen-go/taskopen/internal/config/config.go:136.39,137.20 1 10
github.com/johnconnor-sec/taskopen-go/taskopen/internal/config/config.go:138.35,139.16 1 0
github.com/johnconnor-sec/taskopen-go/taskopen/internal/config/config.go:140.36,141.17 1 0
github.com/johnconnor-sec/taskopen-go/taskopen/internal/config/config.go:142.10,143.20 1 0
github.com/johnconnor-sec/taskopen-go/taskopen/internal/config/config.go:148.53,149.42 1 5
github.com/johnconnor-sec/taskopen-go/taskopen/internal/config/config.go:149.42,151.3 1 5
github.com/johnconnor-sec/taskopen-go/taskopen/internal/config/config.go:152.2,152.21 1 0
github.com/johnconnor-sec/taskopen-go/taskopen/internal/config/config.go:156.35,159.2 2 14
github.com/johnconnor-sec/taskopen-go/taskopen/internal/config/config.go:162.39,169.49 1 1
github.com/johnconnor-sec/taskopen-go/taskopen/internal/config/config.go:169.49,171.3 1 0
github.com/johnconnor-sec/taskopen-go/taskopen/internal/config/config.go:174.2,175.21 2 1
github.com/johnconnor-sec/taskopen-go/taskopen/internal/config/config.go:175.21,177.17 2 1
github.com/johnconnor-sec/taskopen-go/taskopen/internal/config/config.go:177.17,179.4 1 0
github.com/johnconnor-sec/taskopen-go/taskopen/internal/config/config.go:180.3,180.48 1 1
github.com/johnconnor-sec/taskopen-go/taskopen/internal/config/config.go:184.2,185.26 2 1
github.com/johnconnor-sec/taskopen-go/taskopen/internal/config/config.go:185.26,187.3 1 0
github.com/johnconnor-sec/taskopen-go/taskopen/internal/config/config.go:190.2,191.16 2 1
github.com/johnconnor-sec/taskopen-go/taskopen/internal/config/config.go:191.16,193.3 1 0
github.com/johnconnor-sec/taskopen-go/taskopen/internal/config/config.go:195.2,196.28 2 1
github.com/johnconnor-sec/taskopen-go/taskopen/internal/config/config.go:196.28,198.3 1 0
github.com/johnconnor-sec/taskopen-go/taskopen/internal/config/config.go:201.2,201.22 1 1
github.com/johnconnor-sec/taskopen-go/taskopen/internal/config/config.go:205.35,209.47 2 5
github.com/johnconnor-sec/taskopen-go/taskopen/internal/config/config.go:209.47,215.3 1 1
github.com/johnconnor-sec/taskopen-go/taskopen/internal/config/config.go:217.2,217.48 1 5
github.com/johnconnor-sec/taskopen-go/taskopen/internal/config/config.go:217.48,223.3 1 0
github.com/johnconnor-sec/taskopen-go/taskopen/internal/config/config.go:226.2,226.25 1 5
github.com/johnconnor-sec/taskopen-go/taskopen/internal/config/config.go:226.25,232.3 1 1
github.com/johnconnor-sec/taskopen-go/taskopen/internal/config/config.go:234.2,235.35 2 5
github.com/johnconnor-sec/taskopen-go/taskopen/internal/config/config.go:235.35,237.31 1 9
github.com/johnconnor-sec/taskopen-go/taskopen/internal/config/config.go:237.31,243.4 1 1
github.com/johnconnor-sec/taskopen-go/taskopen/internal/config/config.go:244.3,247.43 2 9
github.com/johnconnor-sec/taskopen-go/taskopen/internal/config/config.go:247.43,248.69 1 0
github.com/johnconnor-sec/taskopen-go/taskopen/internal/config/config.go:248.69,249.59 1 0
github.com/johnconnor-sec/taskopen-go/taskopen/internal/config/config.go:249.59,255.6 1 0
github.com/johnconnor-sec/taskopen-go/taskopen/internal/config/config.go:261.2,261.35 1 5
github.com/johnconnor-sec/taskopen-go/taskopen/internal/config/config.go:261.35,267.3 1 0
github.com/johnconnor-sec/taskopen-go/taskopen/internal/config/config.go:269.2,269.31 1 5
github.com/johnconnor-sec/taskopen-go/taskopen/internal/config/config.go:269.31,271.3 1 3
github.com/johnconnor-sec/taskopen-go/taskopen/internal/config/config.go:273.2,273.12 1 2
github.com/johnconnor-sec/taskopen-go/taskopen/internal/config/config.go:277.63,278.27 1 4
github.com/johnconnor-sec/taskopen-go/taskopen/internal/config/config.go:278.27,279.32 1 11
github.com/johnconnor-sec/taskopen-go/taskopen/internal/config/config.go:279.32,281.4 1 2
github.com/johnconnor-sec/taskopen-go/taskopen/internal/config/config.go:283.2,283.19 1 2
github.com/johnconnor-sec/taskopen-go/taskopen/internal/config/config.go:287.44,289.35 2 1
github.com/johnconnor-sec/taskopen-go/taskopen/internal/config/config.go:289.35,291.3 1 3
github.com/johnconnor-sec/taskopen-go/taskopen/internal/config/config.go:292.2,292.14 1 1
github.com/johnconnor-sec/taskopen-go/taskopen/internal/config/config.go:296.55,298.51 1 2
github.com/johnconnor-sec/taskopen-go/taskopen/internal/config/config.go:298.51,302.3 1 1
github.com/johnconnor-sec/taskopen-go/taskopen/internal/config/config.go:305.2,305.42 1 1
github.com/johnconnor-sec/taskopen-go/taskopen/internal/config/config.go:305.42,307.3 1 0
github.com/johnconnor-sec/taskopen-go/taskopen/internal/config/config.go:309.2,310.12 2 1
github.com/johnconnor-sec/taskopen-go/taskopen/internal/config/interactive.go:15.51,29.46 9 0
github.com/johnconnor-sec/taskopen-go/taskopen/internal/config/interactive.go:29.46,31.3 1 0
github.com/johnconnor-sec/taskopen-go/taskopen/internal/config/interactive.go:34.2,35.48 2 0
github.com/johnconnor-sec/taskopen-go/taskopen/internal/config/interactive.go:35.48,37.3 1 0
github.com/johnconnor-sec/taskopen-go/taskopen/internal/config/interactive.go:40.2,41.44 2 0
github.com/johnconnor-sec/taskopen-go/taskopen/internal/config/interactive.go:41.44,43.3 1 0
github.com/johnconnor-sec/taskopen-go/taskopen/internal/config/interactive.go:46.2,47.62 2 0
github.com/johnconnor-sec/taskopen-go/taskopen/internal/config/interactive.go:47.62,49.3 1 0
github.com/johnconnor-sec/taskopen-go/taskopen/internal/config/interactive.go:51.2,57.40 5 0
github.com/johnconnor-sec/taskopen-go/taskopen/internal/config/interactive.go:57.40,59.3 1 0
github.com/johnconnor-sec/taskopen-go/taskopen/internal/config/interactive.go:60.2,63.72 3 0
github.com/johnconnor-sec/taskopen-go/taskopen/internal/config/interactive.go:63.72,64.71 1 0
github.com/johnconnor-sec/taskopen-go/taskopen/internal/config/interactive.go:64.71,66.4 1 0
github.com/johnconnor-sec/taskopen-go/taskopen/internal/config/interactive.go:69.2,76.54 5 0
github.com/johnconnor-sec/taskopen-go/taskopen/internal/config/interactive.go:76.54,78.3 1 0
github.com/johnconnor-sec/taskopen-go/taskopen/internal/config/interactive.go:80.2,93.83 11 0
github.com/johnconnor-sec/taskopen-go/taskopen/internal/config/interactive.go:93.83,95.3 1 0
github.com/johnconnor-sec/taskopen-go/taskopen/internal/config/interactive.go:98.2,98.49 1 0
github.com/johnconnor-sec/taskopen-go/taskopen/internal/config/interactive.go:98.49,100.3 1 0
github.com/johnconnor-sec/taskopen-go/taskopen/internal/config/interactive.go:102.2,110.12 8 0
github.com/johnconnor-sec/taskopen-go/taskopen/internal/config/interactive.go:114.80,120.6 5 0
github.com/johnconnor-sec/taskopen-go/taskopen/internal/config/interactive.go:120.6,123.17 3 0
github.com/johnconnor-sec/taskopen-go/taskopen/internal/config/interactive.go:123.17,124.9 1 0
github.com/johnconnor-sec/taskopen-go/taskopen/internal/config/interactive.go:128.3,128.50 1 0
github.com/johnconnor-sec/taskopen-go/taskopen/internal/config/interactive.go:128.50,130.12 2 0
github.com/johnconnor-sec/taskopen-go/taskopen/internal/config/interactive.go:133.3,141.47 3 0
github.com/johnconnor-sec/taskopen-go/taskopen/internal/config/interactive.go:141.47,143.4 1 0
github.com/johnconnor-sec/taskopen-go/taskopen/internal/config/interactive.go:145.3,146.45 2 0
github.com/johnconnor-sec/taskopen-go/taskopen/internal/config/interactive.go:146.45,148.4 1 0
github.com/johnconnor-sec/taskopen-go/taskopen/internal/config/interactive.go:148.9,150.4 1 0
github.com/johnconnor-sec/taskopen-go/taskopen/internal/config/interactive.go:152.3,154.20 3 0
github.com/johnconnor-sec/taskopen-go/taskopen/internal/config/interactive.go:154.20,156.12 2 0
github.com/johnconnor-sec/taskopen-go/taskopen/internal/config/interactive.go:158.3,161.45 3 0
github.com/johnconnor-sec/taskopen-go/taskopen/internal/config/interactive.go:161.45,163.32 2 0
github.com/johnconnor-sec/taskopen-go/taskopen/internal/config/interactive.go:163.32,165.5 1 0
github.com/johnconnor-sec/taskopen-go/taskopen/internal/config/interactive.go:169.3,169.43 1 0
github.com/johnconnor-sec/taskopen-go/taskopen/internal/config/interactive.go:169.43,172.12 3 0
github.com/johnconnor-sec/taskopen-go/taskopen/internal/config/interactive.go:175.3,177.16 3 0
github.com/johnconnor-sec/taskopen-go/taskopen/internal/config/interactive.go:180.2,180.12 1 0
github.com/johnconnor-sec/taskopen-go/taskopen/internal/config/interactive.go:184.44,187.2 2 0
github.com/johnconnor-sec/taskopen-go/taskopen/internal/config/interactive.go:190.26,244.2 4 0
github.com/johnconnor-sec/taskopen-go/taskopen/internal/config/loader.go:15.47,17.29 1 0
github.com/johnconnor-sec/taskopen-go/taskopen/internal/config/loader.go:17.29,19.3 1 0
github.com/johnconnor-sec/taskopen-go/taskopen/internal/config/loader.go:22.2,23.16 2 0
github.com/johnconnor-sec/taskopen-go/taskopen/internal/config/loader.go:23.16,27.3 1 0
github.com/johnconnor-sec/taskopen-go/taskopen/internal/config/loader.go:30.2,31.54 2 0
github.com/johnconnor-sec/taskopen-go/taskopen/internal/config/loader.go:31.54,40.3 1 0
github.com/johnconnor-sec/taskopen-go/taskopen/internal/config/loader.go:43.2,46.42 2 0
github.com/johnconnor-sec/taskopen-go/taskopen/internal/config/loader.go:46.42,53.3 1 0
github.com/johnconnor-sec/taskopen-go/taskopen/internal/config/loader.go:55.2,55.21 1 0
github.com/johnconnor-sec/taskopen-go/taskopen/internal/config/loader.go:59.55,62.16 2 0
github.com/johnconnor-sec/taskopen-go/taskopen/internal/config/loader.go:62.16,64.48 1 0
github.com/johnconnor-sec/taskopen-go/taskopen/internal/config/loader.go:64.48,69.72 3 0
github.com/johnconnor-sec/taskopen-go/taskopen/internal/config/loader.go:69.72,71.5 1 0
github.com/johnconnor-sec/taskopen-go/taskopen/internal/config/loader.go:73.4,73.22 1 0
github.com/johnconnor-sec/taskopen-go/taskopen/internal/config/loader.go:75.3,75.18 1 0
github.com/johnconnor-sec/taskopen-go/taskopen/internal/config/loader.go:78.2,78.20 1 0
github.com/johnconnor-sec/taskopen-go/taskopen/internal/config/loader.go:82.52,84.68 1 0
github.com/johnconnor-sec/taskopen-go/taskopen/internal/config/loader.go:84.68,87.3 1 0
github.com/johnconnor-sec/taskopen-go/taskopen/internal/config/loader.go:90.2,91.16 2 0
github.com/johnconnor-sec/taskopen-go/taskopen/internal/config/loader.go:91.16,93.3 1 0
github.com/johnconnor-sec/taskopen-go/taskopen/internal/config/loader.go:96.2,96.61 1 0
github.com/johnconnor-sec/taskopen-go/taskopen/internal/config/loader.go:96.61,99.3 1 0
github.com/johnconnor-sec/taskopen-go/taskopen/internal/config/loader.go:101.2,101.12 1 0
github.com/johnconnor-sec/taskopen-go/taskopen/internal/config/loader.go:105.73,113.52 5 0
github.com/johnconnor-sec/taskopen-go/taskopen/internal/config/loader.go:113.52,114.50 1 0
github.com/johnconnor-sec/taskopen-go/taskopen/internal/config/loader.go:114.50,116.4 1 0
github.com/johnconnor-sec/taskopen-go/taskopen/internal/config/loader.go:117.3,118.13 2 0
github.com/johnconnor-sec/taskopen-go/taskopen/internal/config/loader.go:121.2,122.85 1 0
github.com/johnconnor-sec/taskopen-go/taskopen/internal/config/loader.go:126.44,128.16 2 0
github.com/johnconnor-sec/taskopen-go/taskopen/internal/config/loader.go:128.16,130.3 1 0
github.com/johnconnor-sec/taskopen-go/taskopen/internal/config/loader.go:132.2,137.12 5 0
github.com/johnconnor-sec/taskopen-go/taskopen/internal/config/migration.go:17.53,19.26 1 0
github.com/johnconnor-sec/taskopen-go/taskopen/internal/config/migration.go:19.26,23.3 1 0
github.com/johnconnor-sec/taskopen-go/taskopen/internal/config/migration.go:26.2,27.16 2 0
github.com/johnconnor-sec/taskopen-go/taskopen/internal/config/migration.go:27.16,33.3 1 0
github.com/johnconnor-sec/taskopen-go/taskopen/internal/config/migration.go:36.2,36.66 1 0
github.com/johnconnor-sec/taskopen-go/taskopen/internal/config/migration.go:36.66,39.3 1 0
github.com/johnconnor-sec/taskopen-go/taskopen/internal/config/migration.go:42.2,42.47 1 0
github.com/johnconnor-sec/taskopen-go/taskopen/internal/config/migration.go:42.47,45.3 1 0
github.com/johnconnor-sec/taskopen-go/taskopen/internal/config/migration.go:47.2,52.12 5 0
github.com/johnconnor-sec/taskopen-go/taskopen/internal/config/migration.go:56.54,58.16 2 0
github.com/johnconnor-sec/taskopen-go/taskopen/internal/config/migration.go:58.16,60.3 1 0
github.com/johnconnor-sec/taskopen-go/taskopen/internal/config/migration.go:61.2,71.21 8 0
github.com/johnconnor-sec/taskopen-go/taskopen/internal/config/migration.go:71.21,75.81 2 0
github.com/johnconnor-sec/taskopen-go/taskopen/internal/config/migration.go:75.81,76.12 1 0
github.com/johnconnor-sec/taskopen-go/taskopen/internal/config/migration.go:80.3,80.67 1 0
github.com/johnconnor-sec/taskopen-go/taskopen/internal/config/migration.go:80.67,82.12 2 0
github.com/johnconnor-sec/taskopen-go/taskopen/internal/config/migration.go:86.3,87.22 2 0
github.com/johnconnor-sec/taskopen-go/taskopen/internal/config/migration.go:87.22,88.12 1 0
github.com/johnconnor-sec/taskopen-go/taskopen/internal/config/migration.go:91.3,94.25 3 0
github.com/johnconnor-sec/taskopen-go/taskopen/internal/config/migration.go:95.18,96.43 1 0
github.com/johnconnor-sec/taskopen-go/taskopen/internal/config/migration.go:97.18,98.56 1 0
github.com/johnconnor-sec/taskopen-go/taskopen/internal/config/migration.go:99.14,100.56 1 0
github.com/johnconnor-sec/taskopen-go/taskopen/internal/config/migration.go:104.2,104.38 1 0
github.com/johnconnor-sec/taskopen-go/taskopen/internal/config/migration.go:104.38,106.3 1 0
github.com/johnconnor-sec/taskopen-go/taskopen/internal/config/migration.go:109.2,109.30 1 0
github.com/johnconnor-sec/taskopen-go/taskopen/internal/config/migration.go:109.30,111.3 1 0
github.com/johnconnor-sec/taskopen-go/taskopen/internal/config/migration.go:113.2,113.20 1 0
github.com/johnconnor-sec/taskopen-go/taskopen/internal/config/migration.go:117.61,118.30 1 0
github.com/johnconnor-sec/taskopen-go/taskopen/internal/config/migration.go:119.16,120.32 1 0
github.com/johnconnor-sec/taskopen-go/taskopen/internal/config/migration.go:121.17,122.33 1 0
github.com/johnconnor-sec/taskopen-go/taskopen/internal/config/migration.go:123.18,124.50 1 0
github.com/johnconnor-sec/taskopen-go/taskopen/internal/config/migration.go:125.18,126.33 1 0
github.com/johnconnor-sec/taskopen-go/taskopen/internal/config/migration.go:127.25,128.40 1 0
github.com/johnconnor-sec/taskopen-go/taskopen/internal/config/migration.go:129.28,130.42 1 0
github.com/johnconnor-sec/taskopen-go/taskopen/internal/config/migration.go:131.16,132.30 1 0
github.com/johnconnor-sec/taskopen-go/taskopen/internal/config/migration.go:133.24,134.36 1 0
github.com/johnconnor-sec/taskopen-go/taskopen/internal/config/migration.go:135.17,136.92 1 0
github.com/johnconnor-sec/taskopen-go/taskopen/internal/config/migration.go:141.89,142.68 1 0
github.com/johnconnor-sec/taskopen-go/taskopen/internal/config/migration.go:142.68,148.33 4 0
github.com/johnconnor-sec/taskopen-go/taskopen/internal/config/migration.go:148.33,149.44 1 0
github.com/johnconnor-sec/taskopen-go/taskopen/internal/config/migration.go:149.44,151.10 2 0
github.com/johnconnor-sec/taskopen-go/taskopen/internal/config/migration.go:155.3,155.20 1 0
github.com/johnconnor-sec/taskopen-go/taskopen/internal/config/migration.go:155.20,166.4 3 0
github.com/johnconnor-sec/taskopen-go/taskopen/internal/config/migration.go:169.3,169.16 1 0
github.com/johnconnor-sec/taskopen-go/taskopen/internal/config/migration.go:170.17,171.25 1 0
github.com/johnconnor-sec/taskopen-go/taskopen/internal/config/migration.go:172.16,173.24 1 0
github.com/johnconnor-sec/taskopen-go/taskopen/internal/config/migration.go:174.21,175.29 1 0
github.com/johnconnor-sec/taskopen-go/taskopen/internal/config/migration.go:176.18,177.26 1 0
github.com/johnconnor-sec/taskopen-go/taskopen/internal/config/migration.go:178.16,180.32 2 0
github.com/johnconnor-sec/taskopen-go/taskopen/internal/config/migration.go:180.32,182.5 1 0
github.com/johnconnor-sec/taskopen-go/taskopen/internal/config/migration.go:183.24,184.32 1 0
github.com/johnconnor-sec/taskopen-go/taskopen/internal/config/migration.go:185.24,186.32 1 0
github.com/johnconnor-sec/taskopen-go/taskopen/internal/config/migration.go:192.89,193.22 1 0
github.com/johnconnor-sec/taskopen-go/taskopen/internal/config/migration.go:193.22,195.3 1 0
github.com/johnconnor-sec/taskopen-go/taskopen/internal/config/migration.go:195.8,195.79 1 0
github.com/johnconnor-sec/taskopen-go/taskopen/internal/config/migration.go:195.79,199.19 3 0
github.com/johnconnor-sec/taskopen-go/taskopen/internal/config/migration.go:200.16,201.33 1 0
github.com/johnconnor-sec/taskopen-go/taskopen/internal/config/migration.go:201.33,203.5 1 0
github.com/johnconnor-sec/taskopen-go/taskopen/internal/config/migration.go:204.4,204.36 1 0
github.com/johnconnor-sec/taskopen-go/taskopen/internal/config/migration.go:205.16,206.32 1 0
github.com/johnconnor-sec/taskopen-go/taskopen/internal/config/migration.go:206.32,208.5 1 0
github.com/johnconnor-sec/taskopen-go/taskopen/internal/config/migration.go:209.4,209.35 1 0
github.com/johnconnor-sec/taskopen-go/taskopen/internal/config/migration.go:215.48,220.16 3 0
github.com/johnconnor-sec/taskopen-go/taskopen/internal/config/migration.go:220.16,222.3 1 0
github.com/johnconnor-sec/taskopen-go/taskopen/internal/config/migration.go:225.2,225.61 1 0
github.com/johnconnor-sec/taskopen-go/taskopen/internal/config/migration.go:225.61,227.3 1 0
github.com/johnconnor-sec/taskopen-go/taskopen/internal/config/migration.go:229.2,229.24 1 0
github.com/johnconnor-sec/taskopen-go/taskopen/internal/config/schema.go:11.43,208.2 2 0
github.com/johnconnor-sec/taskopen-go/taskopen/internal/config/schema.go:211.44,213.16 2 0
github.com/johnconnor-sec/taskopen-go/taskopen/internal/config/schema.go:213.16,215.3 1 0
github.com/johnconnor-sec/taskopen-go/taskopen/internal/config/schema.go:217.2,217.61 1 0
github.com/johnconnor-sec/taskopen-go/taskopen/internal/config/schema.go:217.61,219.3 1 0
github.com/johnconnor-sec/taskopen-go/taskopen/internal/config/schema.go:221.2,221.12 1 0
github.com/johnconnor-sec/taskopen-go/taskopen/internal/config/schema.go:225.49,284.2 1 0
github.com/johnconnor-sec/taskopen-go/taskopen/internal/core/integration.go:27.49,28.16 1 10
github.com/johnconnor-sec/taskopen-go/taskopen/internal/core/integration.go:28.16,30.3 1 1
github.com/johnconnor-sec/taskopen-go/taskopen/internal/core/integration.go:33.2,33.39 1 9
github.com/johnconnor-sec/taskopen-go/taskopen/internal/core/integration.go:33.39,35.3 1 0
github.com/johnconnor-sec/taskopen-go/taskopen/internal/core/integration.go:38.2,65.8 4 9
github.com/johnconnor-sec/taskopen-go/taskopen/internal/core/integration.go:69.60,71.85 1 1
github.com/johnconnor-sec/taskopen-go/taskopen/internal/core/integration.go:71.85,73.3 1 0
github.com/johnconnor-sec/taskopen-go/taskopen/internal/core/integration.go:76.2,76.36 1 1
github.com/johnconnor-sec/taskopen-go/taskopen/internal/core/integration.go:76.36,78.27 2 1
github.com/johnconnor-sec/taskopen-go/taskopen/internal/core/integration.go:78.27,80.18 2 1
github.com/johnconnor-sec/taskopen-go/taskopen/internal/core/integration.go:80.18,88.5 1 1
github.com/johnconnor-sec/taskopen-go/taskopen/internal/core/integration.go:92.2,92.12 1 0
github.com/johnconnor-sec/taskopen-go/taskopen/internal/core/integration.go:96.97,98.40 1 0
github.com/johnconnor-sec/taskopen-go/taskopen/internal/core/integration.go:98.40,100.3 1 0
github.com/johnconnor-sec/taskopen-go/taskopen/internal/core/integration.go:102.2,102.42 1 0
github.com/johnconnor-sec/taskopen-go/taskopen/internal/core/integration.go:106.115,108.40 1 0
github.com/johnconnor-sec/taskopen-go/taskopen/internal/core/integration.go:108.40,110.3 1 0
github.com/johnconnor-sec/taskopen-go/taskopen/internal/core/integration.go:112.2,112.49 1 0
github.com/johnconnor-sec/taskopen-go/taskopen/internal/core/integration.go:116.112,119.29 2 0
github.com/johnconnor-sec/taskopen-go/taskopen/internal/core/integration.go:119.29,121.44 1 0
github.com/johnconnor-sec/taskopen-go/taskopen/internal/core/integration.go:121.44,123.18 2 0
github.com/johnconnor-sec/taskopen-go/taskopen/internal/core/integration.go:123.18,126.5 1 0
github.com/johnconnor-sec/taskopen-go/taskopen/internal/core/integration.go:128.4,128.57 1 0
github.com/johnconnor-sec/taskopen-go/taskopen/internal/core/integration.go:132.2,132.25 1 0
github.com/johnconnor-sec/taskopen-go/taskopen/internal/core/integration.go:136.116,141.16 3 4
github.com/johnconnor-sec/taskopen-go/taskopen/internal/core/integration.go:141.16,144.3 1 1
github.com/johnconnor-sec/taskopen-go/taskopen/internal/core/integration.go:146.2,147.58 2 3
github.com/johnconnor-sec/taskopen-go/taskopen/internal/core/integration.go:147.58,149.17 2 0
github.com/johnconnor-sec/taskopen-go/taskopen/internal/core/integration.go:149.17,152.4 1 0
github.com/johnconnor-sec/taskopen-go/taskopen/internal/core/integration.go:156.2,156.40 1 3
github.com/johnconnor-sec/taskopen-go/taskopen/internal/core/integration.go:157.21,158.47 1 1
github.com/johnconnor-sec/taskopen-go/taskopen/internal/core/integration.go:158.47,159.49 1 2
github.com/johnconnor-sec/taskopen-go/taskopen/internal/core/integration.go:159.49,161.76 1 1
github.com/johnconnor-sec/taskopen-go/taskopen/internal/core/integration.go:161.76,163.20 2 1
github.com/johnconnor-sec/taskopen-go/taskopen/internal/core/integration.go:163.20,165.7 1 0
github.com/johnconnor-sec/taskopen-go/taskopen/internal/core/integration.go:166.6,166.51 1 1
github.com/johnconnor-sec/taskopen-go/taskopen/internal/core/integration.go:171.21,172.42 1 1
github.com/johnconnor-sec/taskopen-go/taskopen/internal/core/integration.go:172.42,174.69 1 1
github.com/johnconnor-sec/taskopen-go/taskopen/internal/core/integration.go:174.69,176.19 2 1
github.com/johnconnor-sec/taskopen-go/taskopen/internal/core/integration.go:176.19,178.6 1 0
github.com/johnconnor-sec/taskopen-go/taskopen/internal/core/integration.go:179.5,179.50 1 1
github.com/johnconnor-sec/taskopen-go/taskopen/internal/core/integration.go:183.10,185.97 1 1
github.com/johnconnor-sec/taskopen-go/taskopen/internal/core/integration.go:188.2,188.25 1 2
github.com/johnconnor-sec/taskopen-go/taskopen/internal/core/integration.go:192.128,195.16 2 3
github.com/johnconnor-sec/taskopen-go/taskopen/internal/core/integration.go:195.16,197.3 1 0
github.com/johnconnor-sec/taskopen-go/taskopen/internal/core/integration.go:200.2,210.24 3 3
github.com/johnconnor-sec/taskopen-go/taskopen/internal/core/integration.go:214.120,225.24 8 4
github.com/johnconnor-sec/taskopen-go/taskopen/internal/core/integration.go:225.24,227.3 1 1
github.com/johnconnor-sec/taskopen-go/taskopen/internal/core/integration.go:229.2,229.21 1 4
github.com/johnconnor-sec/taskopen-go/taskopen/internal/core/integration.go:229.21,231.3 1 0
github.com/johnconnor-sec/taskopen-go/taskopen/internal/core/integration.go:234.2,239.24 4 4
github.com/johnconnor-sec/taskopen-go/taskopen/internal/core/integration.go:239.24,241.17 2 4
github.com/johnconnor-sec/taskopen-go/taskopen/internal/core/integration.go:241.17,243.24 2 4
github.com/johnconnor-sec/taskopen-go/taskopen/internal/core/integration.go:243.24,247.39 2 1
github.com/johnconnor-sec/taskopen-go/taskopen/internal/core/integration.go:247.39,249.6 1 1
github.com/johnconnor-sec/taskopen-go/taskopen/internal/core/integration.go:255.2,255.79 1 4
github.com/johnconnor-sec/taskopen-go/taskopen/internal/core/integration.go:255.79,257.3 1 2
github.com/johnconnor-sec/taskopen-go/taskopen/internal/core/integration.go:260.2,263.12 3 4
github.com/johnconnor-sec/taskopen-go/taskopen/internal/core/integration.go:267.91,273.9 3 0
github.com/johnconnor-sec/taskopen-go/taskopen/internal/core/integration.go:274.34,277.23 2 0
github.com/johnconnor-sec/taskopen-go/taskopen/internal/core/integration.go:277.23,279.4 1 0
github.com/johnconnor-sec/taskopen-go/taskopen/internal/core/integration.go:280.3,280.15 1 0
github.com/johnconnor-sec/taskopen-go/taskopen/internal/core/integration.go:280.15,284.4 1 0
github.com/johnconnor-sec/taskopen-go/taskopen/internal/core/integration.go:287.3,287.67 1 0
github.com/johnconnor-sec/taskopen-go/taskopen/internal/core/integration.go:289.34,291.75 1 0
github.com/johnconnor-sec/taskopen-go/taskopen/internal/core/integration.go:293.10,295.67 1 0
github.com/johnconnor-sec/taskopen-go/taskopen/internal/core/integration.go:298.2,298.16 1 0
github.com/johnconnor-sec/taskopen-go/taskopen/internal/core/integration.go:298.16,300.3 1 0
github.com/johnconnor-sec/taskopen-go/taskopen/internal/core/integration.go:302.2,302.12 1 0
github.com/johnconnor-sec/taskopen-go/taskopen/internal/core/integration.go:306.116,312.21 3 0
github.com/johnconnor-sec/taskopen-go/taskopen/internal/core/integration.go:312.21,314.3 1 0
github.com/johnconnor-sec/taskopen-go/taskopen/internal/core/integration.go:316.2,321.16 2 0
github.com/johnconnor-sec/taskopen-go/taskopen/internal/core/integration.go:321.16,323.3 1 0
github.com/johnconnor-sec/taskopen-go/taskopen/internal/core/integration.go:325.2,325.34 1 0
github.com/johnconnor-sec/taskopen-go/taskopen/internal/core/integration.go:329.106,335.21 3 0
github.com/johnconnor-sec/taskopen-go/taskopen/internal/core/integration.go:335.21,337.3 1 0
github.com/johnconnor-sec/taskopen-go/taskopen/internal/core/integration.go:339.2,344.12 2 0
github.com/johnconnor-sec/taskopen-go/taskopen/internal/core/integration.go:348.108,354.21 3 0
github.com/johnconnor-sec/taskopen-go/taskopen/internal/core/integration.go:354.21,356.3 1 0
github.com/johnconnor-sec/taskopen-go/taskopen/internal/core/integration.go:358.2,364.16 2 0
github.com/johnconnor-sec/taskopen-go/taskopen/internal/core/integration.go:364.16,366.3 1 0
github.com/johnconnor-sec/taskopen-go/taskopen/internal/core/integration.go:368.2,368.26 1 0
github.com/johnconnor-sec/taskopen-go/taskopen/internal/core/integration.go:368.26,371.3 1 0
github.com/johnconnor-sec/taskopen-go/taskopen/internal/core/integration.go:375.2,375.12 1 0
github.com/johnconnor-sec/taskopen-go/taskopen/internal/core/integration.go:379.81,383.30 2 4
github.com/johnconnor-sec/taskopen-go/taskopen/internal/core/integration.go:383.30,390.3 4 16
github.com/johnconnor-sec/taskopen-go/taskopen/internal/core/integration.go:392.2,392.15 1 4
github.com/johnconnor-sec/taskopen-go/taskopen/internal/core/integration.go:396.69,398.2 1 0
github.com/johnconnor-sec/taskopen-go/taskopen/internal/core/integration.go:401.76,403.2 1 0
github.com/johnconnor-sec/taskopen-go/taskopen/internal/types/types.go:41.41,43.2 1 9
github.com/johnconnor-sec/taskopen-go/taskopen/internal/types/types.go:46.35,50.37 2 11
github.com/johnconnor-sec/taskopen-go/taskopen/internal/types/types.go:50.37,56.3 1 1
github.com/johnconnor-sec/taskopen-go/taskopen/internal/types/types.go:58.2,58.39 1 11
github.com/johnconnor-sec/taskopen-go/taskopen/internal/types/types.go:58.39,64.3 1 1
github.com/johnconnor-sec/taskopen-go/taskopen/internal/types/types.go:66.2,66.40 1 11
github.com/johnconnor-sec/taskopen-go/taskopen/internal/types/types.go:66.40,72.3 1 2
github.com/johnconnor-sec/taskopen-go/taskopen/internal/types/types.go:75.2,75.19 1 11
github.com/johnconnor-sec/taskopen-go/taskopen/internal/types/types.go:75.19,76.52 1 2
github.com/johnconnor-sec/taskopen-go/taskopen/internal/types/types.go:76.52,82.4 1 1
github.com/johnconnor-sec/taskopen-go/taskopen/internal/types/types.go:85.2,85.24 1 11
github.com/johnconnor-sec/taskopen-go/taskopen/internal/types/types.go:85.24,86.57 1 1
github.com/johnconnor-sec/taskopen-go/taskopen/internal/types/types.go:86.57,92.4 1 1
github.com/johnconnor-sec/taskopen-go/taskopen/internal/types/types.go:95.2,95.21 1 11
github.com/johnconnor-sec/taskopen-go/taskopen/internal/types/types.go:95.21,97.3 1 6
github.com/johnconnor-sec/taskopen-go/taskopen/internal/types/types.go:99.2,99.12 1 5
github.com/johnconnor-sec/taskopen-go/taskopen/internal/types/types.go:103.39,106.37 2 5
github.com/johnconnor-sec/taskopen-go/taskopen/internal/types/types.go:106.37,112.3 1 1
github.com/johnconnor-sec/taskopen-go/taskopen/internal/types/types.go:114.2,114.38 1 5
github.com/johnconnor-sec/taskopen-go/taskopen/internal/types/types.go:114.38,120.3 1 1
github.com/johnconnor-sec/taskopen-go/taskopen/internal/types/types.go:122.2,122.22 1 5
github.com/johnconnor-sec/taskopen-go/taskopen/internal/types/types.go:122.22,128.3 1 1
github.com/johnconnor-sec/taskopen-go/taskopen/internal/types/types.go:131.2,131.44 1 5
github.com/johnconnor-sec/taskopen-go/taskopen/internal/types/types.go:131.44,132.56 1 1
github.com/johnconnor-sec/taskopen-go/taskopen/internal/types/types.go:132.56,134.4 1 1
github.com/johnconnor-sec/taskopen-go/taskopen/internal/types/types.go:134.9,140.4 1 0
github.com/johnconnor-sec/taskopen-go/taskopen/internal/types/types.go:143.2,143.21 1 5
github.com/johnconnor-sec/taskopen-go/taskopen/internal/types/types.go:143.21,145.3 1 4
github.com/johnconnor-sec/taskopen-go/taskopen/internal/types/types.go:147.2,147.12 1 1
github.com/johnconnor-sec/taskopen-go/taskopen/internal/types/types.go:155.43,157.31 2 9
github.com/johnconnor-sec/taskopen-go/taskopen/internal/types/types.go:157.31,159.3 1 9
github.com/johnconnor-sec/taskopen-go/taskopen/internal/types/types.go:160.2,160.84 1 9
